Using pre-set license
Desktop is 1920 x 1080 @ 60 Hz

 COMMAND LINE ARGUMENTS:
Unity
-adb2
-batchMode
-noUpm
-name
AssetImportWorker0
-projectPath
/home/mayra/Escritorio/Unity3DPrimerJuego/Proyecto/CalidadSoftware
-logFile
Logs/AssetImportWorker0.log
-srvPort
32869
Successfully changed project path to: /home/mayra/Escritorio/Unity3DPrimerJuego/Proyecto/CalidadSoftware
/home/mayra/Escritorio/Unity3DPrimerJuego/Proyecto/CalidadSoftware
Using Asset Import Pipeline V2.
Refreshing native plugins compatible for Editor in 97,02 ms, found 0 plugins.
Preloading 0 native plugins for Editor in 0,00 ms.
Initialize engine version: 2021.1.4f1 (4cd64a618c1b)
[Subsystems] Discovering subsystems at path /home/mayra/Unity/Hub/Editor/2021.1.4f1/Editor/Data/Resources/UnitySubsystems
[Subsystems] Discovering subsystems at path /home/mayra/Escritorio/Unity3DPrimerJuego/Proyecto/CalidadSoftware/Assets
GLX Extensions: GLX_ARB_create_context GLX_ARB_create_context_no_error GLX_ARB_create_context_profile GLX_ARB_create_context_robustness GLX_ARB_fbconfig_float GLX_ARB_framebuffer_sRGB GLX_ARB_get_proc_address GLX_ARB_multisample GLX_EXT_buffer_age GLX_EXT_create_context_es2_profile GLX_EXT_create_context_es_profile GLX_EXT_fbconfig_packed_float GLX_EXT_framebuffer_sRGB GLX_EXT_import_context GLX_EXT_texture_from_pixmap GLX_EXT_visual_info GLX_EXT_visual_rating GLX_INTEL_swap_event GLX_MESA_copy_sub_buffer GLX_MESA_query_renderer GLX_MESA_swap_control GLX_OML_swap_method GLX_OML_sync_control GLX_SGIS_multisample GLX_SGIX_fbconfig GLX_SGIX_pbuffer GLX_SGIX_visual_select_group GLX_SGI_make_current_read GLX_SGI_swap_control GLX_SGI_video_sync 
Renderer: Mesa Intel(R) UHD Graphics 620 (KBL GT2)
Vendor:   Intel
Version:  4.6 (Core Profile) Mesa 20.2.6
GLES:     0
 GL_3DFX_texture_compression_FXT1 GL_AMD_conservative_depth GL_AMD_depth_clamp_separate GL_AMD_draw_buffers_blend GL_AMD_gpu_shader_int64 GL_AMD_multi_draw_indirect GL_AMD_performance_monitor GL_AMD_pinned_memory GL_AMD_query_buffer_object GL_AMD_seamless_cubemap_per_texture GL_AMD_shader_stencil_export GL_AMD_shader_trinary_minmax GL_AMD_texture_texture4 GL_AMD_vertex_shader_layer GL_AMD_vertex_shader_viewport_index GL_ANGLE_texture_compression_dxt3 GL_ANGLE_texture_compression_dxt5 GL_ARB_ES2_compatibility GL_ARB_ES3_1_compatibility GL_ARB_ES3_2_compatibility GL_ARB_ES3_compatibility GL_ARB_arrays_of_arrays GL_ARB_base_instance GL_ARB_blend_func_extended GL_ARB_buffer_storage GL_ARB_clear_buffer_object GL_ARB_clear_texture GL_ARB_clip_control GL_ARB_compressed_texture_pixel_storage GL_ARB_compute_shader GL_ARB_compute_variable_group_size GL_ARB_conditional_render_inverted GL_ARB_conservative_depth GL_ARB_copy_buffer GL_ARB_copy_image GL_ARB_cull_distance GL_ARB_debug_output GL_ARB_depth_buffer_float GL_ARB
_depth_clamp GL_ARB_derivative_control GL_ARB_direct_state_access GL_ARB_draw_buffers GL_ARB_draw_buffers_blend GL_ARB_draw_elements_base_vertex GL_ARB_draw_indirect GL_ARB_draw_instanced GL_ARB_enhanced_layouts GL_ARB_explicit_attrib_location GL_ARB_explicit_uniform_location GL_ARB_fragment_coord_conventions GL_ARB_fragment_layer_viewport GL_ARB_fragment_shader GL_ARB_fragment_shader_interlock GL_ARB_framebuffer_no_attachments GL_ARB_framebuffer_object GL_ARB_framebuffer_sRGB GL_ARB_get_program_binary GL_ARB_get_texture_sub_image GL_ARB_gl_spirv GL_ARB_gpu_shader5 GL_ARB_gpu_shader_fp64 GL_ARB_gpu_shader_int64 GL_ARB_half_float_pixel GL_ARB_half_float_vertex GL_ARB_indirect_parameters GL_ARB_instanced_arrays GL_ARB_internalformat_query GL_ARB_internalformat_query2 GL_ARB_invalidate_subdata GL_ARB_map_buffer_alignment GL_ARB_map_buffer_range GL_ARB_multi_bind GL_ARB_multi_draw_indirect GL_ARB_occlusion_query2 GL_ARB_parallel_shader_compile GL_ARB_pipeline_statistics_query GL_ARB_pixel_buffer_object GL_ARB_po
int_sprite GL_ARB_polygon_offset_clamp GL_ARB_post_depth_coverage GL_ARB_program_interface_query GL_ARB_provoking_vertex GL_ARB_query_buffer_object GL_ARB_robust_buffer_access_behavior GL_ARB_robustness GL_ARB_sample_shading GL_ARB_sampler_objects GL_ARB_seamless_cube_map GL_ARB_seamless_cubemap_per_texture GL_ARB_separate_shader_objects GL_ARB_shader_atomic_counter_ops GL_ARB_shader_atomic_counters GL_ARB_shader_ballot GL_ARB_shader_bit_encoding GL_ARB_shader_clock GL_ARB_shader_draw_parameters GL_ARB_shader_group_vote GL_ARB_shader_image_load_store GL_ARB_shader_image_size GL_ARB_shader_objects GL_ARB_shader_precision GL_ARB_shader_stencil_export GL_ARB_shader_storage_buffer_object GL_ARB_shader_subroutine GL_ARB_shader_texture_image_samples GL_ARB_shader_texture_lod GL_ARB_shader_viewport_layer_array GL_ARB_shading_language_420pack GL_ARB_shading_language_include GL_ARB_shading_language_packing GL_ARB_spirv_extensions GL_ARB_stencil_texturing GL_ARB_sync GL_ARB_tessellation_shader GL_ARB_texture_barrier G
L_ARB_texture_buffer_object GL_ARB_texture_buffer_object_rgb32 GL_ARB_texture_buffer_range GL_ARB_texture_compression_bptc GL_ARB_texture_compression_rgtc GL_ARB_texture_cube_map_array GL_ARB_texture_filter_anisotropic GL_ARB_texture_float GL_ARB_texture_gather GL_ARB_texture_mirror_clamp_to_edge GL_ARB_texture_multisample GL_ARB_texture_non_power_of_two GL_ARB_texture_query_levels GL_ARB_texture_query_lod GL_ARB_texture_rectangle GL_ARB_texture_rg GL_ARB_texture_rgb10_a2ui GL_ARB_texture_stencil8 GL_ARB_texture_storage GL_ARB_texture_storage_multisample GL_ARB_texture_swizzle GL_ARB_texture_view GL_ARB_timer_query GL_ARB_transform_feedback2 GL_ARB_transform_feedback3 GL_ARB_transform_feedback_instanced GL_ARB_transform_feedback_overflow_query GL_ARB_uniform_buffer_object GL_ARB_vertex_array_bgra GL_ARB_vertex_array_object GL_ARB_vertex_attrib_64bit GL_ARB_vertex_attrib_binding GL_ARB_vertex_buffer_object GL_ARB_vertex_shader GL_ARB_vertex_type_10f_11f_11f_rev GL_ARB_vertex_type_2_10_10_10_rev GL_ARB_viewpor
t_array GL_ATI_blend_equation_separate GL_ATI_texture_float GL_EXT_EGL_image_storage GL_EXT_EGL_sync GL_EXT_abgr GL_EXT_blend_equation_separate GL_EXT_demote_to_helper_invocation GL_EXT_draw_buffers2 GL_EXT_draw_instanced GL_EXT_framebuffer_blit GL_EXT_framebuffer_multisample GL_EXT_framebuffer_multisample_blit_scaled GL_EXT_framebuffer_object GL_EXT_framebuffer_sRGB GL_EXT_packed_depth_stencil GL_EXT_packed_float GL_EXT_pixel_buffer_object GL_EXT_polygon_offset_clamp GL_EXT_provoking_vertex GL_EXT_shader_framebuffer_fetch GL_EXT_shader_framebuffer_fetch_non_coherent GL_EXT_shader_integer_mix GL_EXT_shader_samples_identical GL_EXT_texture_array GL_EXT_texture_compression_dxt1 GL_EXT_texture_compression_rgtc GL_EXT_texture_compression_s3tc GL_EXT_texture_filter_anisotropic GL_EXT_texture_integer GL_EXT_texture_sRGB GL_EXT_texture_sRGB_R8 GL_EXT_texture_sRGB_decode GL_EXT_texture_shadow_lod GL_EXT_texture_shared_exponent GL_EXT_texture_snorm GL_EXT_texture_swizzle GL_EXT_timer_query GL_EXT_transform_feedback G
L_EXT_vertex_array_bgra GL_EXT_vertex_attrib_64bit GL_IBM_multimode_draw_arrays GL_INTEL_blackhole_render GL_INTEL_conservative_rasterization GL_INTEL_performance_query GL_INTEL_shader_atomic_float_minmax GL_INTEL_shader_integer_functions2 GL_KHR_blend_equation_advanced GL_KHR_blend_equation_advanced_coherent GL_KHR_context_flush_control GL_KHR_debug GL_KHR_no_error GL_KHR_parallel_shader_compile GL_KHR_robust_buffer_access_behavior GL_KHR_robustness GL_KHR_texture_compression_astc_ldr GL_KHR_texture_compression_astc_sliced_3d GL_MESA_framebuffer_flip_y GL_MESA_pack_invert GL_MESA_shader_integer_functions GL_MESA_texture_signed_rgba GL_NV_compute_shader_derivatives GL_NV_conditional_render GL_NV_copy_image GL_NV_depth_clamp GL_NV_fragment_shader_interlock GL_NV_packed_depth_stencil GL_NV_texture_barrier GL_OES_EGL_image GL_S3_s3tc
OPENGL LOG: Creating OpenGL 4.6 graphics device ; Context level  <OpenGL 4.5> ; Context handle 967352496
Initialize mono
Mono path[0] = '/home/mayra/Unity/Hub/Editor/2021.1.4f1/Editor/Data/Managed'
Mono path[1] = '/home/mayra/Unity/Hub/Editor/2021.1.4f1/Editor/Data/MonoBleedingEdge/lib/mono/unityjit'
Mono config path = '/home/mayra/Unity/Hub/Editor/2021.1.4f1/Editor/Data/MonoBleedingEdge/etc'
Using monoOptions --debugger-agent=transport=dt_socket,embedding=1,server=y,suspend=n,address=127.0.0.1:56593
Begin MonoManager ReloadAssembly
Registering precompiled unity dll's ...
Register platform support module: /home/mayra/Unity/Hub/Editor/2021.1.4f1/Editor/Data/PlaybackEngines/LinuxStandaloneSupport/UnityEditor.LinuxStandalone.Extensions.dll
Registered in 0,001422 seconds.
Native extension for LinuxStandalone target not found
Refreshing native plugins compatible for Editor in 87,05 ms, found 0 plugins.
Preloading 0 native plugins for Editor in 0,00 ms.
Mono: successfully reloaded assembly
- Completed reload, in  2,017 seconds
Platform modules already initialized, skipping
Registering precompiled user dll's ...
Registered in 0,002561 seconds.
Begin MonoManager ReloadAssembly
Native extension for LinuxStandalone target not found
Refreshing native plugins compatible for Editor in 0,50 ms, found 0 plugins.
Preloading 0 native plugins for Editor in 0,00 ms.
Mono: successfully reloaded assembly
- Completed reload, in  0,997 seconds
Platform modules already initialized, skipping
========================================================================
Worker process is ready to serve import requests
Launched and connected shader compiler UnityShaderCompiler after 0.02 seconds
Refreshing native plugins compatible for Editor in 1,31 ms, found 0 plugins.
Preloading 0 native plugins for Editor in 0,00 ms.
Unloading 2674 Unused Serialized files (Serialized files now loaded: 0)
System memory in use before: 93,9 MB.
System memory in use after: 94,1 MB.

Unloading 15 unused Assets to reduce memory usage. Loaded Objects now: 3126.
Total: 3,817120 ms (FindLiveObjects: 0,301634 ms CreateObjectMapping: 0,224294 ms MarkObjects: 3,134993 ms  DeleteObjects: 0,154821 ms)

========================================================================
Received Import Request.
  path: Assets/BlackPeaStudios/ScriptDependencyVisualizer/Editor/Resources/TextFieldBackground.png
  artifactKey: Guid(f8076a136f10144ce8395688749a240c) Importer(815301076,1909f56bfc062723c751e8b465ee728b)
Start importing Assets/BlackPeaStudios/ScriptDependencyVisualizer/Editor/Resources/TextFieldBackground.png using Guid(f8076a136f10144ce8395688749a240c) Importer(815301076,1909f56bfc062723c751e8b465ee728b)  -> (artifact id: 'f1bee3909df2892f100c6ba39a201312') in 0,290244 seconds 
========================================================================
Received Import Request.
  Time since last request: 0,000271 seconds.
  path: Assets/BlackPeaStudios/ScriptDependencyVisualizer/Editor/Resources/BackgroundButtonActive.png
  artifactKey: Guid(47bea5d5b06e045049def3079a9a9d06) Importer(815301076,1909f56bfc062723c751e8b465ee728b)
Start importing Assets/BlackPeaStudios/ScriptDependencyVisualizer/Editor/Resources/BackgroundButtonActive.png using Guid(47bea5d5b06e045049def3079a9a9d06) Importer(815301076,1909f56bfc062723c751e8b465ee728b)  -> (artifact id: '8fadac0fc60ef5e1d6c19f2dad014fac') in 0,005589 seconds 
========================================================================
Received Import Request.
  Time since last request: 0,000244 seconds.
  path: Assets/BlackPeaStudios/ScriptDependencyVisualizer/Editor/Resources/SearchButton.png
  artifactKey: Guid(3c2a6c0721f004d4eb6c444450030b4e) Importer(815301076,1909f56bfc062723c751e8b465ee728b)
Start importing Assets/BlackPeaStudios/ScriptDependencyVisualizer/Editor/Resources/SearchButton.png using Guid(3c2a6c0721f004d4eb6c444450030b4e) Importer(815301076,1909f56bfc062723c751e8b465ee728b)  -> (artifact id: 'afe84d30ac56b1241131a51c3c5d3630') in 0,008039 seconds 
========================================================================
Received Import Request.
  Time since last request: 0,000253 seconds.
  path: Assets/BlackPeaStudios/ScriptDependencyVisualizer/Editor/Resources/BackgroundButton.png
  artifactKey: Guid(88e66b81c41474400ae5b6a17988999a) Importer(815301076,1909f56bfc062723c751e8b465ee728b)
Start importing Assets/BlackPeaStudios/ScriptDependencyVisualizer/Editor/Resources/BackgroundButton.png using Guid(88e66b81c41474400ae5b6a17988999a) Importer(815301076,1909f56bfc062723c751e8b465ee728b)  -> (artifact id: '3f684368be91232d4f039ddccdd9a6ad') in 0,005685 seconds 
========================================================================
Received Import Request.
  Time since last request: 0,000335 seconds.
  path: Assets/BlackPeaStudios/ScriptDependencyVisualizer/Editor/Resources/ArrowIconWhite.png
  artifactKey: Guid(e65a93ec2519d4b06a6afbf522834750) Importer(815301076,1909f56bfc062723c751e8b465ee728b)
Start importing Assets/BlackPeaStudios/ScriptDependencyVisualizer/Editor/Resources/ArrowIconWhite.png using Guid(e65a93ec2519d4b06a6afbf522834750) Importer(815301076,1909f56bfc062723c751e8b465ee728b)  -> (artifact id: 'df1d0e2d43b9b2d7cbc0d99df4347c31') in 0,012787 seconds 
========================================================================
Received Import Request.
  Time since last request: 0,000365 seconds.
  path: Assets/BlackPeaStudios/ScriptDependencyVisualizer/Editor/Resources
  artifactKey: Guid(2ae8c6f96a75a484eb3206be82246775) Importer(815301076,1909f56bfc062723c751e8b465ee728b)
Start importing Assets/BlackPeaStudios/ScriptDependencyVisualizer/Editor/Resources using Guid(2ae8c6f96a75a484eb3206be82246775) Importer(815301076,1909f56bfc062723c751e8b465ee728b)  -> (artifact id: '2f2c0154b656f273324d33a0b6a9f8ac') in 0,000883 seconds 
========================================================================
Received Import Request.
  Time since last request: 0,000328 seconds.
  path: Assets/BlackPeaStudios/ScriptDependencyVisualizer/Editor/Resources/AssetLogo.png
  artifactKey: Guid(17b8c3a203740425fa9d11a2a8efeb62) Importer(815301076,1909f56bfc062723c751e8b465ee728b)
Start importing Assets/BlackPeaStudios/ScriptDependencyVisualizer/Editor/Resources/AssetLogo.png using Guid(17b8c3a203740425fa9d11a2a8efeb62) Importer(815301076,1909f56bfc062723c751e8b465ee728b)  -> (artifact id: 'd5dcd5757a5c850e522fd5e4b1a675a7') in 0,012467 seconds 
========================================================================
Received Import Request.
  Time since last request: 0,000272 seconds.
  path: Assets/BlackPeaStudios/ScriptDependencyVisualizer/Editor/Resources/SaveLayoutButton.png
  artifactKey: Guid(83119d5136ec04b2a9b2b26f4214ab02) Importer(815301076,1909f56bfc062723c751e8b465ee728b)
Start importing Assets/BlackPeaStudios/ScriptDependencyVisualizer/Editor/Resources/SaveLayoutButton.png using Guid(83119d5136ec04b2a9b2b26f4214ab02) Importer(815301076,1909f56bfc062723c751e8b465ee728b)  -> (artifact id: '10e75501a887607112b9b843b1cca2d7') in 0,012355 seconds 
========================================================================
Received Import Request.
  Time since last request: 0,000437 seconds.
  path: Assets/BlackPeaStudios/ScriptDependencyVisualizer/Editor/Resources/NodeTile.png
  artifactKey: Guid(f64adc61dab82411b813e1cac6724741) Importer(815301076,1909f56bfc062723c751e8b465ee728b)
Start importing Assets/BlackPeaStudios/ScriptDependencyVisualizer/Editor/Resources/NodeTile.png using Guid(f64adc61dab82411b813e1cac6724741) Importer(815301076,1909f56bfc062723c751e8b465ee728b)  -> (artifact id: 'c455e856188fd3c5c6f9c66ec652a3e9') in 0,005470 seconds 
========================================================================
Received Import Request.
  Time since last request: 0,000216 seconds.
  path: Assets/BlackPeaStudios/ScriptDependencyVisualizer/Editor/Resources/RegenerateButton.png
  artifactKey: Guid(9272211c84c404f99aa152bfabfcc2af) Importer(815301076,1909f56bfc062723c751e8b465ee728b)
Start importing Assets/BlackPeaStudios/ScriptDependencyVisualizer/Editor/Resources/RegenerateButton.png using Guid(9272211c84c404f99aa152bfabfcc2af) Importer(815301076,1909f56bfc062723c751e8b465ee728b)  -> (artifact id: '7b697f8a2fa0f3e321b7b11dfe68063f') in 0,011121 seconds 
========================================================================
Received Import Request.
  Time since last request: 0,000409 seconds.
  path: Assets/BlackPeaStudios/ScriptDependencyVisualizer/Editor/Resources/StopIcon.png
  artifactKey: Guid(b00aa0f0a108e40dc95fa1af3b301a5f) Importer(815301076,1909f56bfc062723c751e8b465ee728b)
Start importing Assets/BlackPeaStudios/ScriptDependencyVisualizer/Editor/Resources/StopIcon.png using Guid(b00aa0f0a108e40dc95fa1af3b301a5f) Importer(815301076,1909f56bfc062723c751e8b465ee728b)  -> (artifact id: '2cc30c4c39c52eabbc3d2acbce39f448') in 0,005841 seconds 
========================================================================
Received Import Request.
  Time since last request: 0,000310 seconds.
  path: Assets/BlackPeaStudios/ScriptDependencyVisualizer/Editor/Utilities
  artifactKey: Guid(61fe3d71ffa46421d8a982467aecfd76) Importer(815301076,1909f56bfc062723c751e8b465ee728b)
Start importing Assets/BlackPeaStudios/ScriptDependencyVisualizer/Editor/Utilities using Guid(61fe3d71ffa46421d8a982467aecfd76) Importer(815301076,1909f56bfc062723c751e8b465ee728b)  -> (artifact id: '876d1aaa3c28deefc83bed316e8da0f0') in 0,001006 seconds 
========================================================================
Received Import Request.
  Time since last request: 0,000372 seconds.
  path: Assets/BlackPeaStudios/ScriptDependencyVisualizer/Editor/Resources/MonobehaviourDot.png
  artifactKey: Guid(27ca18fcb62884f718d3e2a6e31e8db5) Importer(815301076,1909f56bfc062723c751e8b465ee728b)
Start importing Assets/BlackPeaStudios/ScriptDependencyVisualizer/Editor/Resources/MonobehaviourDot.png using Guid(27ca18fcb62884f718d3e2a6e31e8db5) Importer(815301076,1909f56bfc062723c751e8b465ee728b)  -> (artifact id: 'ceffb8011b1267d2a26d1f6ffca53679') in 0,007661 seconds 
========================================================================
Received Import Request.
  Time since last request: 0,000790 seconds.
  path: Assets/BlackPeaStudios/ScriptDependencyVisualizer/Editor/Resources/GUISkin.guiskin
  artifactKey: Guid(af7bb57f26d2d4b59858f911cc69e44e) Importer(815301076,1909f56bfc062723c751e8b465ee728b)
Start importing Assets/BlackPeaStudios/ScriptDependencyVisualizer/Editor/Resources/GUISkin.guiskin using Guid(af7bb57f26d2d4b59858f911cc69e44e) Importer(815301076,1909f56bfc062723c751e8b465ee728b)  -> (artifact id: '8fb036ef606181585c462998278b21c7') in 0,009474 seconds 
========================================================================
Received Import Request.
  Time since last request: 0,000313 seconds.
  path: Assets/BlackPeaStudios/ScriptDependencyVisualizer/Editor/Resources/CenterButton.png
  artifactKey: Guid(2a312a05874af4a0bb65609272cc47d6) Importer(815301076,1909f56bfc062723c751e8b465ee728b)
Start importing Assets/BlackPeaStudios/ScriptDependencyVisualizer/Editor/Resources/CenterButton.png using Guid(2a312a05874af4a0bb65609272cc47d6) Importer(815301076,1909f56bfc062723c751e8b465ee728b)  -> (artifact id: 'f3c5f0b123b60c8a3596446ce9865dac') in 0,007873 seconds 
========================================================================
Received Import Request.
  Time since last request: 0,000360 seconds.
  path: Assets/BlackPeaStudios/ScriptDependencyVisualizer/Editor/Resources/SettingsButton.png
  artifactKey: Guid(7cefe54e7f8004a89ad8f7984c856b3e) Importer(815301076,1909f56bfc062723c751e8b465ee728b)
Start importing Assets/BlackPeaStudios/ScriptDependencyVisualizer/Editor/Resources/SettingsButton.png using Guid(7cefe54e7f8004a89ad8f7984c856b3e) Importer(815301076,1909f56bfc062723c751e8b465ee728b)  -> (artifact id: '9922d83fc21671ce57401e02e8cd6b2d') in 0,011487 seconds 
========================================================================
Received Import Request.
  Time since last request: 0,000287 seconds.
  path: Assets/BlackPeaStudios/ScriptDependencyVisualizer/Editor/Resources/LoadLayoutButton.png
  artifactKey: Guid(6cb14ff5121cb45cfb42a05d891bca66) Importer(815301076,1909f56bfc062723c751e8b465ee728b)
Start importing Assets/BlackPeaStudios/ScriptDependencyVisualizer/Editor/Resources/LoadLayoutButton.png using Guid(6cb14ff5121cb45cfb42a05d891bca66) Importer(815301076,1909f56bfc062723c751e8b465ee728b)  -> (artifact id: '57c4b6da03b315f6d21ecbf616108134') in 0,007557 seconds 
========================================================================
Received Import Request.
  Time since last request: 37,205651 seconds.
  path: Assets/BlackPeaStudios/ScriptDependencyVisualizer/Editor/Utilities/DependencyCore
  artifactKey: Guid(b5cb0fdef33414188a8923f240cac31c) Importer(815301076,1909f56bfc062723c751e8b465ee728b)
Start importing Assets/BlackPeaStudios/ScriptDependencyVisualizer/Editor/Utilities/DependencyCore using Guid(b5cb0fdef33414188a8923f240cac31c) Importer(815301076,1909f56bfc062723c751e8b465ee728b)  -> (artifact id: '260cc2d0768acbc1aac42b9a3e965fcf') in 0,002464 seconds 
========================================================================
Received Import Request.
  Time since last request: 20,224946 seconds.
  path: Assets/BlackPeaStudios
  artifactKey: Guid(a19c737f99993881189e7900f569e707) Importer(815301076,1909f56bfc062723c751e8b465ee728b)
Start importing Assets/BlackPeaStudios using Guid(a19c737f99993881189e7900f569e707) Importer(815301076,1909f56bfc062723c751e8b465ee728b)  -> (artifact id: '731a5ab99894f913d2cbd21a2bd89a59') in 0,001370 seconds 
========================================================================
Received Import Request.
  Time since last request: 1,241366 seconds.
  path: Assets/BlackPeaStudios/ScriptDependencyVisualizer
  artifactKey: Guid(a418c09254d434ebb93ab800a7f9ef27) Importer(815301076,1909f56bfc062723c751e8b465ee728b)
Start importing Assets/BlackPeaStudios/ScriptDependencyVisualizer using Guid(a418c09254d434ebb93ab800a7f9ef27) Importer(815301076,1909f56bfc062723c751e8b465ee728b)  -> (artifact id: 'b8dad1f07e70e298a4baa795c3edc297') in 0,002948 seconds 
========================================================================
Received Import Request.
  Time since last request: 1,070985 seconds.
  path: Assets/BlackPeaStudios/ScriptDependencyVisualizer/SDV_ReadMe.pdf
  artifactKey: Guid(eedbc72935bb64782a3a3fb5f86d38ee) Importer(815301076,1909f56bfc062723c751e8b465ee728b)
Start importing Assets/BlackPeaStudios/ScriptDependencyVisualizer/SDV_ReadMe.pdf using Guid(eedbc72935bb64782a3a3fb5f86d38ee) Importer(815301076,1909f56bfc062723c751e8b465ee728b)  -> (artifact id: '81a5db9fa10339cf70b00d0d7506a156') in 0,002623 seconds 
========================================================================
Received Import Request.
  Time since last request: 1,651981 seconds.
  path: Assets/BlackPeaStudios/ScriptDependencyVisualizer/Editor
  artifactKey: Guid(ec1b42fb56adc47a7a80934771934661) Importer(815301076,1909f56bfc062723c751e8b465ee728b)
Start importing Assets/BlackPeaStudios/ScriptDependencyVisualizer/Editor using Guid(ec1b42fb56adc47a7a80934771934661) Importer(815301076,1909f56bfc062723c751e8b465ee728b)  -> (artifact id: '60029308125e469ce8e0289e408d694f') in 0,001477 seconds 
========================================================================
Received Import Request.
  Time since last request: 17,378083 seconds.
  path: Assets/BlackPeaStudios/ScriptDependencyVisualizer/Editor/WindowScripts
  artifactKey: Guid(a5a94db3a5561479ba25baaa32e29b0a) Importer(815301076,1909f56bfc062723c751e8b465ee728b)
Start importing Assets/BlackPeaStudios/ScriptDependencyVisualizer/Editor/WindowScripts using Guid(a5a94db3a5561479ba25baaa32e29b0a) Importer(815301076,1909f56bfc062723c751e8b465ee728b)  -> (artifact id: '5d0c0bf42bb73f54e7cb361d18ac9d33') in 0,001896 seconds 
========================================================================
Received Import Request.
  Time since last request: 77,911348 seconds.
  path: Assets/Materials/cbezaFlujo.mat
  artifactKey: Guid(0eb345c2bf7a5a5139ead05e7526c5ec) Importer(815301076,1909f56bfc062723c751e8b465ee728b)
Start importing Assets/Materials/cbezaFlujo.mat using Guid(0eb345c2bf7a5a5139ead05e7526c5ec) Importer(815301076,1909f56bfc062723c751e8b465ee728b)  -> (artifact id: 'f1dc394de31c5a8ad9afd6287b1c7578') in 0,454521 seconds 
========================================================================
Received Import Request.
  Time since last request: 13,305748 seconds.
  path: Assets/BlackPeaStudios/ScriptDependencyVisualizer/Editor/WindowScripts/WindowUtilities.cs
  artifactKey: Guid(4e90309e6361447f5925d714f1a90a67) Importer(815301076,1909f56bfc062723c751e8b465ee728b)
Start importing Assets/BlackPeaStudios/ScriptDependencyVisualizer/Editor/WindowScripts/WindowUtilities.cs using Guid(4e90309e6361447f5925d714f1a90a67) Importer(815301076,1909f56bfc062723c751e8b465ee728b)  -> (artifact id: 'd224f0655b8f11383c50d92b4d690f03') in 0,001282 seconds 
========================================================================
Received Import Request.
  Time since last request: 1,123917 seconds.
  path: Assets/BlackPeaStudios/ScriptDependencyVisualizer/Editor/WindowScripts/Serializer.cs
  artifactKey: Guid(5de95e3331d064cd0813f9d86c233d78) Importer(815301076,1909f56bfc062723c751e8b465ee728b)
Start importing Assets/BlackPeaStudios/ScriptDependencyVisualizer/Editor/WindowScripts/Serializer.cs using Guid(5de95e3331d064cd0813f9d86c233d78) Importer(815301076,1909f56bfc062723c751e8b465ee728b)  -> (artifact id: '64b27b8e652435cfda2f2d206a0efee9') in 0,001336 seconds 
========================================================================
Received Import Request.
  Time since last request: 1,109620 seconds.
  path: Assets/BlackPeaStudios/ScriptDependencyVisualizer/Editor/WindowScripts/ScriptDependencyWindow.cs
  artifactKey: Guid(ddd46c721a39242aa873d678323b9f18) Importer(815301076,1909f56bfc062723c751e8b465ee728b)
Start importing Assets/BlackPeaStudios/ScriptDependencyVisualizer/Editor/WindowScripts/ScriptDependencyWindow.cs using Guid(ddd46c721a39242aa873d678323b9f18) Importer(815301076,1909f56bfc062723c751e8b465ee728b)  -> (artifact id: '890451155cc845e603bd3bdf75e68af0') in 0,000734 seconds 
========================================================================
Received Prepare
Registering precompiled user dll's ...
Registered in 0,002708 seconds.
Begin MonoManager ReloadAssembly
Native extension for LinuxStandalone target not found
Refreshing native plugins compatible for Editor in 0,99 ms, found 0 plugins.
Preloading 0 native plugins for Editor in 0,00 ms.
Mono: successfully reloaded assembly
- Completed reload, in  1,400 seconds
Platform modules already initialized, skipping
Refreshing native plugins compatible for Editor in 1,71 ms, found 0 plugins.
Preloading 0 native plugins for Editor in 0,00 ms.
Unloading 2660 Unused Serialized files (Serialized files now loaded: 0)
System memory in use before: 101,2 MB.
System memory in use after: 101,4 MB.

Unloading 10 unused Assets to reduce memory usage. Loaded Objects now: 3379.
Total: 4,205160 ms (FindLiveObjects: 0,419858 ms CreateObjectMapping: 0,187086 ms MarkObjects: 3,538434 ms  DeleteObjects: 0,057910 ms)

========================================================================
Received Import Request.
  Time since last request: 2264,792827 seconds.
  path: Assets/Prefabs/proceso.prefab
  artifactKey: Guid(408866824ef25fea88498cc3b1194d0d) Importer(815301076,1909f56bfc062723c751e8b465ee728b)
Start importing Assets/Prefabs/proceso.prefab using Guid(408866824ef25fea88498cc3b1194d0d) Importer(815301076,1909f56bfc062723c751e8b465ee728b)  -> (artifact id: '235a460560fcc52bcf40f253c6724afb') in 0,086851 seconds 
========================================================================
Received Import Request.
  Time since last request: 2,962745 seconds.
  path: Assets/Prefabs/SI.prefab
  artifactKey: Guid(79d026cbd6b432ca28dee7a5f05af706) Importer(815301076,1909f56bfc062723c751e8b465ee728b)
Start importing Assets/Prefabs/SI.prefab using Guid(79d026cbd6b432ca28dee7a5f05af706) Importer(815301076,1909f56bfc062723c751e8b465ee728b)  -> (artifact id: 'ed2dbe9b154bb8f9527fcdd214ff5512') in 0,009243 seconds 
========================================================================
Received Import Request.
  Time since last request: 4,728193 seconds.
  path: Assets/Prefabs/inicioyfin.prefab
  artifactKey: Guid(6b295e547775e8c5492b5f0ba9c12b43) Importer(815301076,1909f56bfc062723c751e8b465ee728b)
Start importing Assets/Prefabs/inicioyfin.prefab using Guid(6b295e547775e8c5492b5f0ba9c12b43) Importer(815301076,1909f56bfc062723c751e8b465ee728b)  -> (artifact id: '04da13f64a3579ca621d9c9347e15944') in 0,122708 seconds 
========================================================================
Received Import Request.
  Time since last request: 22,270187 seconds.
  path: Assets/Materials/diagram.mat
  artifactKey: Guid(c90ce05d0ee4a82969f0fd1f7730d3bb) Importer(815301076,1909f56bfc062723c751e8b465ee728b)
Start importing Assets/Materials/diagram.mat using Guid(c90ce05d0ee4a82969f0fd1f7730d3bb) Importer(815301076,1909f56bfc062723c751e8b465ee728b)  -> (artifact id: 'a97c19ec808f8e5729e6b18fb44c8bce') in 0,033690 seconds 
========================================================================
Received Import Request.
  Time since last request: 36,191554 seconds.
  path: Assets/Prefabs/proceso.prefab
  artifactKey: Guid(408866824ef25fea88498cc3b1194d0d) Importer(815301076,1909f56bfc062723c751e8b465ee728b)
Start importing Assets/Prefabs/proceso.prefab using Guid(408866824ef25fea88498cc3b1194d0d) Importer(815301076,1909f56bfc062723c751e8b465ee728b)  -> (artifact id: '6da41f5054436725ab3c1370633174c4') in 0,007492 seconds 
========================================================================
Received Import Request.
  Time since last request: 2,618863 seconds.
  path: Assets/Prefabs/SI.prefab
  artifactKey: Guid(79d026cbd6b432ca28dee7a5f05af706) Importer(815301076,1909f56bfc062723c751e8b465ee728b)
Start importing Assets/Prefabs/SI.prefab using Guid(79d026cbd6b432ca28dee7a5f05af706) Importer(815301076,1909f56bfc062723c751e8b465ee728b)  -> (artifact id: '54663b3420b52b591856ab4006309a89') in 0,007488 seconds 
========================================================================
Received Import Request.
  Time since last request: 2,165453 seconds.
  path: Assets/Prefabs/inicioyfin.prefab
  artifactKey: Guid(6b295e547775e8c5492b5f0ba9c12b43) Importer(815301076,1909f56bfc062723c751e8b465ee728b)
Start importing Assets/Prefabs/inicioyfin.prefab using Guid(6b295e547775e8c5492b5f0ba9c12b43) Importer(815301076,1909f56bfc062723c751e8b465ee728b)  -> (artifact id: '465dda5dcfa366cfda4fb06a52fb4271') in 0,007730 seconds 
========================================================================
Received Import Request.
  Time since last request: 548,078967 seconds.
  path: Assets/Prefabs/Untitled Diagram-F.drawio.png
  artifactKey: Guid(0681c3b0d086ba561ad4869d5689ec4f) Importer(815301076,1909f56bfc062723c751e8b465ee728b)
Start importing Assets/Prefabs/Untitled Diagram-F.drawio.png using Guid(0681c3b0d086ba561ad4869d5689ec4f) Importer(815301076,1909f56bfc062723c751e8b465ee728b)  -> (artifact id: '2c407e0d3be78d3800caecf86074a677') in 0,022194 seconds 
========================================================================
Received Import Request.
  Time since last request: 2,640261 seconds.
  path: Assets/Prefabs/Untitled Diagram-F.drawio(1).png
  artifactKey: Guid(17aaac7a833d377e08c3434094e783f3) Importer(815301076,1909f56bfc062723c751e8b465ee728b)
Start importing Assets/Prefabs/Untitled Diagram-F.drawio(1).png using Guid(17aaac7a833d377e08c3434094e783f3) Importer(815301076,1909f56bfc062723c751e8b465ee728b)  -> (artifact id: '721317b188bfea6bbdfd80328358db49') in 0,021156 seconds 
========================================================================
Received Import Request.
  Time since last request: 18,898014 seconds.
  path: Assets/Prefabs/Untitled Diagram-F.drawio.png
  artifactKey: Guid(0681c3b0d086ba561ad4869d5689ec4f) Importer(815301076,1909f56bfc062723c751e8b465ee728b)
Start importing Assets/Prefabs/Untitled Diagram-F.drawio.png using Guid(0681c3b0d086ba561ad4869d5689ec4f) Importer(815301076,1909f56bfc062723c751e8b465ee728b)  -> (artifact id: '134197b863cc143015858d77ade0fd8d') in 0,040238 seconds 
========================================================================
Received Import Request.
  Time since last request: 239,268569 seconds.
  path: Assets/2D_STONE AGE WORLD/Assets
  artifactKey: Guid(d622e17aa3b72734ab9742e42065594c) Importer(815301076,1909f56bfc062723c751e8b465ee728b)
Start importing Assets/2D_STONE AGE WORLD/Assets using Guid(d622e17aa3b72734ab9742e42065594c) Importer(815301076,1909f56bfc062723c751e8b465ee728b)  -> (artifact id: '3c84f9b0e87355ef49f81ed72e2c3aad') in 0,001380 seconds 
========================================================================
Received Import Request.
  Time since last request: 4,588816 seconds.
  path: Assets/2D_STONE AGE WORLD/Assets/Player
  artifactKey: Guid(6e71b9a803573e0428a1f14d4fd49250) Importer(815301076,1909f56bfc062723c751e8b465ee728b)
Start importing Assets/2D_STONE AGE WORLD/Assets/Player using Guid(6e71b9a803573e0428a1f14d4fd49250) Importer(815301076,1909f56bfc062723c751e8b465ee728b)  -> (artifact id: '0728d482434cd2bde7a7427129c39735') in 0,001952 seconds 
========================================================================
Received Import Request.
  Time since last request: 0,852404 seconds.
  path: Assets/2D_STONE AGE WORLD/Assets/Player/Sprites
  artifactKey: Guid(9001272174c80ad4985d716bb1e2f94f) Importer(815301076,1909f56bfc062723c751e8b465ee728b)
Start importing Assets/2D_STONE AGE WORLD/Assets/Player/Sprites using Guid(9001272174c80ad4985d716bb1e2f94f) Importer(815301076,1909f56bfc062723c751e8b465ee728b)  -> (artifact id: '9e41d83677c4e556d95020242a9f5bc0') in 0,001028 seconds 
========================================================================
Received Import Request.
  Time since last request: 0,054169 seconds.
  path: Assets/2D_STONE AGE WORLD/Assets/Player/Sprites/Atlas_H_M_W_0000.png
  artifactKey: Guid(13af95a1dca0fa44c8abd54d2eb48cb7) Importer(815301076,1909f56bfc062723c751e8b465ee728b)
Start importing Assets/2D_STONE AGE WORLD/Assets/Player/Sprites/Atlas_H_M_W_0000.png using Guid(13af95a1dca0fa44c8abd54d2eb48cb7) Importer(815301076,1909f56bfc062723c751e8b465ee728b)  -> (artifact id: 'e68529874043e31b00e32585eb490323') in 0,035942 seconds 
========================================================================
Received Import Request.
  Time since last request: 0,000296 seconds.
  path: Assets/2D_STONE AGE WORLD/Assets/Player/Sprites/Atlas_Player_Waepons.png
  artifactKey: Guid(5675db4a4d8e12347911934eb7b196fd) Importer(815301076,1909f56bfc062723c751e8b465ee728b)
Start importing Assets/2D_STONE AGE WORLD/Assets/Player/Sprites/Atlas_Player_Waepons.png using Guid(5675db4a4d8e12347911934eb7b196fd) Importer(815301076,1909f56bfc062723c751e8b465ee728b)  -> (artifact id: '7655073820a807c4577535c6b0a3d2d7') in 0,309435 seconds 
========================================================================
Received Import Request.
  Time since last request: 55,503843 seconds.
  path: Assets/2D_STONE AGE WORLD/Assets/Player/Prefabs/Player.prefab
  artifactKey: Guid(8b8d80b86c878f8459ec86caf3067683) Importer(815301076,1909f56bfc062723c751e8b465ee728b)
Start importing Assets/2D_STONE AGE WORLD/Assets/Player/Prefabs/Player.prefab using Guid(8b8d80b86c878f8459ec86caf3067683) Importer(815301076,1909f56bfc062723c751e8b465ee728b)  -> (artifact id: '07a0a941ec6f100684b4a608da46bc9e') in 1,222888 seconds 
========================================================================
Received Import Request.
  Time since last request: 0,000622 seconds.
  path: Assets/2D_STONE AGE WORLD/Assets/Player/Prefabs/Player_Atlas_H_M.prefab
  artifactKey: Guid(3065a6220bc078544a160dc137f90582) Importer(815301076,1909f56bfc062723c751e8b465ee728b)
Start importing Assets/2D_STONE AGE WORLD/Assets/Player/Prefabs/Player_Atlas_H_M.prefab using Guid(3065a6220bc078544a160dc137f90582) Importer(815301076,1909f56bfc062723c751e8b465ee728b)  -> (artifact id: '64b15fb1464db6eebaad8d7854335424') in 0,018793 seconds 
========================================================================
Received Prepare
Registering precompiled user dll's ...
Registered in 0,003322 seconds.
Begin MonoManager ReloadAssembly
Native extension for LinuxStandalone target not found
Refreshing native plugins compatible for Editor in 0,48 ms, found 0 plugins.
Preloading 0 native plugins for Editor in 0,00 ms.
Mono: successfully reloaded assembly
- Completed reload, in  0,920 seconds
Platform modules already initialized, skipping
Refreshing native plugins compatible for Editor in 0,52 ms, found 0 plugins.
Preloading 0 native plugins for Editor in 0,00 ms.
Unloading 2662 Unused Serialized files (Serialized files now loaded: 0)
System memory in use before: 107,9 MB.
System memory in use after: 108,1 MB.

Unloading 11 unused Assets to reduce memory usage. Loaded Objects now: 3539.
Total: 3,413958 ms (FindLiveObjects: 0,314994 ms CreateObjectMapping: 0,158127 ms MarkObjects: 2,887582 ms  DeleteObjects: 0,051473 ms)

========================================================================
Received Import Request.
  Time since last request: 113,698067 seconds.
  path: Assets/2D_STONE AGE WORLD/Assets/Player/Sprites/Untitled Diagram-F.drawio(1).png
  artifactKey: Guid(8999b533012eaf99cb666cdca52299e2) Importer(815301076,1909f56bfc062723c751e8b465ee728b)
Start importing Assets/2D_STONE AGE WORLD/Assets/Player/Sprites/Untitled Diagram-F.drawio(1).png using Guid(8999b533012eaf99cb666cdca52299e2) Importer(815301076,1909f56bfc062723c751e8b465ee728b)  -> (artifact id: '3f7861664fa4392a9ef1284522573be2') in 0,055342 seconds 
========================================================================
Received Import Request.
  Time since last request: 11,384498 seconds.
  path: Assets/2D_STONE AGE WORLD/Assets/Player/Sprites/Untitled Diagram-F.drawio(1).png
  artifactKey: Guid(8999b533012eaf99cb666cdca52299e2) Importer(815301076,1909f56bfc062723c751e8b465ee728b)
Start importing Assets/2D_STONE AGE WORLD/Assets/Player/Sprites/Untitled Diagram-F.drawio(1).png using Guid(8999b533012eaf99cb666cdca52299e2) Importer(815301076,1909f56bfc062723c751e8b465ee728b)  -> (artifact id: 'c39e58e3012677271fbc1b2e5afb2862') in 0,043989 seconds 
========================================================================
Received Import Request.
  Time since last request: 55,561596 seconds.
  path: Assets/2D_STONE AGE WORLD/Assets/Player/Sprites/cbezaFlujo.png
  artifactKey: Guid(32a1bbee95b5c25319f9e778b1fffd28) Importer(815301076,1909f56bfc062723c751e8b465ee728b)
Start importing Assets/2D_STONE AGE WORLD/Assets/Player/Sprites/cbezaFlujo.png using Guid(32a1bbee95b5c25319f9e778b1fffd28) Importer(815301076,1909f56bfc062723c751e8b465ee728b)  -> (artifact id: '17fe2e3b99c54867bfca28e6433d233d') in 0,012522 seconds 
========================================================================
Received Import Request.
  Time since last request: 66,899598 seconds.
  path: Assets/2D_STONE AGE WORLD
  artifactKey: Guid(dc5d2037ef8ba8a2888a57faf62ca6a3) Importer(815301076,1909f56bfc062723c751e8b465ee728b)
Start importing Assets/2D_STONE AGE WORLD using Guid(dc5d2037ef8ba8a2888a57faf62ca6a3) Importer(815301076,1909f56bfc062723c751e8b465ee728b)  -> (artifact id: 'f530e82820607c8eeac44fe8055b6d2c') in 0,001815 seconds 
========================================================================
Received Import Request.
  Time since last request: 3,892512 seconds.
  path: Assets/2D_STONE AGE WORLD/Assets/Scenes
  artifactKey: Guid(61a8b3eabbb89464e8dcbad45b3dc823) Importer(815301076,1909f56bfc062723c751e8b465ee728b)
Start importing Assets/2D_STONE AGE WORLD/Assets/Scenes using Guid(61a8b3eabbb89464e8dcbad45b3dc823) Importer(815301076,1909f56bfc062723c751e8b465ee728b)  -> (artifact id: '56c8fa96532dd73b4c98c693e907cea4') in 0,001833 seconds 
========================================================================
Received Import Request.
  Time since last request: 0,724989 seconds.
  path: Assets/2D_STONE AGE WORLD/Assets/Water_2D
  artifactKey: Guid(1abb7e717532fa745adf6d79a6a4f062) Importer(815301076,1909f56bfc062723c751e8b465ee728b)
Start importing Assets/2D_STONE AGE WORLD/Assets/Water_2D using Guid(1abb7e717532fa745adf6d79a6a4f062) Importer(815301076,1909f56bfc062723c751e8b465ee728b)  -> (artifact id: 'd94050622556e46f634fbbb24732a209') in 0,001425 seconds 
========================================================================
Received Import Request.
  Time since last request: 1,024510 seconds.
  path: Assets/2D_STONE AGE WORLD/Assets/Documentation
  artifactKey: Guid(eb57b9c4835c07848b0b62137c3c6d40) Importer(815301076,1909f56bfc062723c751e8b465ee728b)
Start importing Assets/2D_STONE AGE WORLD/Assets/Documentation using Guid(eb57b9c4835c07848b0b62137c3c6d40) Importer(815301076,1909f56bfc062723c751e8b465ee728b)  -> (artifact id: '47e95e084a692ba51081603520b382c3') in 0,002116 seconds 
========================================================================
Received Import Request.
  Time since last request: 14,533913 seconds.
  path: Assets/2D_STONE AGE WORLD/Assets/Player/Sprites/Untitled Diagram-F.drawio(1).png
  artifactKey: Guid(8999b533012eaf99cb666cdca52299e2) Importer(815301076,1909f56bfc062723c751e8b465ee728b)
Start importing Assets/2D_STONE AGE WORLD/Assets/Player/Sprites/Untitled Diagram-F.drawio(1).png using Guid(8999b533012eaf99cb666cdca52299e2) Importer(815301076,1909f56bfc062723c751e8b465ee728b)  -> (artifact id: '902b30d926bb741143717daafcaf0d77') in 0,078060 seconds 
========================================================================
Received Import Request.
  Time since last request: 44,267786 seconds.
  path: Assets/2D_STONE AGE WORLD/Assets/Player/Sprites/cbezaFlujo.png
  artifactKey: Guid(32a1bbee95b5c25319f9e778b1fffd28) Importer(815301076,1909f56bfc062723c751e8b465ee728b)
Start importing Assets/2D_STONE AGE WORLD/Assets/Player/Sprites/cbezaFlujo.png using Guid(32a1bbee95b5c25319f9e778b1fffd28) Importer(815301076,1909f56bfc062723c751e8b465ee728b)  -> (artifact id: '230c2399911d94b96227ebe6e54a3aa7') in 0,023096 seconds 
========================================================================
Received Import Request.
  Time since last request: 17,507888 seconds.
  path: Assets/Unity.VisualScripting.Generated
  artifactKey: Guid(fbd441538425439699b31551612b2a81) Importer(815301076,1909f56bfc062723c751e8b465ee728b)
Start importing Assets/Unity.VisualScripting.Generated using Guid(fbd441538425439699b31551612b2a81) Importer(815301076,1909f56bfc062723c751e8b465ee728b)  -> (artifact id: 'a4173cb44f9f851cdb5cb5639afc7494') in 0,000890 seconds 
========================================================================
Received Import Request.
  Time since last request: 38,323329 seconds.
  path: Assets/Materials/diagram.mat
  artifactKey: Guid(c90ce05d0ee4a82969f0fd1f7730d3bb) Importer(815301076,1909f56bfc062723c751e8b465ee728b)
Start importing Assets/Materials/diagram.mat using Guid(c90ce05d0ee4a82969f0fd1f7730d3bb) Importer(815301076,1909f56bfc062723c751e8b465ee728b)  -> (artifact id: '2fbeb7f229e6acc38d88e454e3747c03') in 0,045361 seconds 
========================================================================
Received Import Request.
  Time since last request: 1088,936142 seconds.
  path: Assets/Prefabs/cabeza.png
  artifactKey: Guid(118009a816246cd96bb27d8b12143a48) Importer(815301076,1909f56bfc062723c751e8b465ee728b)
Start importing Assets/Prefabs/cabeza.png using Guid(118009a816246cd96bb27d8b12143a48) Importer(815301076,1909f56bfc062723c751e8b465ee728b)  -> (artifact id: '61d76faca5290436a16d604a6a983db9') in 0,011630 seconds 
========================================================================
Received Import Request.
  Time since last request: 0,000315 seconds.
  path: Assets/Prefabs/flecha2.png
  artifactKey: Guid(91da60545dadee6c6a73ba4e8a2bb8fe) Importer(815301076,1909f56bfc062723c751e8b465ee728b)
Start importing Assets/Prefabs/flecha2.png using Guid(91da60545dadee6c6a73ba4e8a2bb8fe) Importer(815301076,1909f56bfc062723c751e8b465ee728b)  -> (artifact id: '38991d0d01e6c6b13b0945c9dbfc7ba2') in 0,007376 seconds 
========================================================================
Received Import Request.
  Time since last request: 0,000300 seconds.
  path: Assets/Prefabs/flecha4.png
  artifactKey: Guid(41f28921a46aea2d09e1477d36467270) Importer(815301076,1909f56bfc062723c751e8b465ee728b)
Start importing Assets/Prefabs/flecha4.png using Guid(41f28921a46aea2d09e1477d36467270) Importer(815301076,1909f56bfc062723c751e8b465ee728b)  -> (artifact id: 'bc1fea6408202997e7b15bc720238414') in 0,006677 seconds 
========================================================================
Received Import Request.
  Time since last request: 0,000232 seconds.
  path: Assets/Prefabs/flecha5.png
  artifactKey: Guid(c1b0414d22b7f2379896ad40d8112e83) Importer(815301076,1909f56bfc062723c751e8b465ee728b)
Start importing Assets/Prefabs/flecha5.png using Guid(c1b0414d22b7f2379896ad40d8112e83) Importer(815301076,1909f56bfc062723c751e8b465ee728b)  -> (artifact id: '037286ae921ee32f8d3ebb694f46210c') in 0,012402 seconds 
========================================================================
Received Import Request.
  Time since last request: 0,000282 seconds.
  path: Assets/Prefabs/fin.png
  artifactKey: Guid(421097e80cf83012d889a8024ff7ebeb) Importer(815301076,1909f56bfc062723c751e8b465ee728b)
Start importing Assets/Prefabs/fin.png using Guid(421097e80cf83012d889a8024ff7ebeb) Importer(815301076,1909f56bfc062723c751e8b465ee728b)  -> (artifact id: 'fc2c1e5bd4b6fda34befaa0b28513c9e') in 0,007350 seconds 
========================================================================
Received Import Request.
  Time since last request: 0,000250 seconds.
  path: Assets/Prefabs/flecha8.png
  artifactKey: Guid(a6826a70d54afde54876c7ee86d3f1a3) Importer(815301076,1909f56bfc062723c751e8b465ee728b)
Start importing Assets/Prefabs/flecha8.png using Guid(a6826a70d54afde54876c7ee86d3f1a3) Importer(815301076,1909f56bfc062723c751e8b465ee728b)  -> (artifact id: 'e2e6f5d0320270bcb8669572cd1b5c51') in 0,011780 seconds 
========================================================================
Received Import Request.
  Time since last request: 0,000253 seconds.
  path: Assets/Prefabs/flecha1.png
  artifactKey: Guid(6293888f874d8c5ccb272f1b9aafefcf) Importer(815301076,1909f56bfc062723c751e8b465ee728b)
Start importing Assets/Prefabs/flecha1.png using Guid(6293888f874d8c5ccb272f1b9aafefcf) Importer(815301076,1909f56bfc062723c751e8b465ee728b)  -> (artifact id: '70cce4120092b2969cf9d6053233783c') in 0,007546 seconds 
========================================================================
Received Import Request.
  Time since last request: 0,000304 seconds.
  path: Assets/Prefabs/flecha7.png
  artifactKey: Guid(30c5fe22f64d38749931d88d3d861ff5) Importer(815301076,1909f56bfc062723c751e8b465ee728b)
Start importing Assets/Prefabs/flecha7.png using Guid(30c5fe22f64d38749931d88d3d861ff5) Importer(815301076,1909f56bfc062723c751e8b465ee728b)  -> (artifact id: 'c453db6c751de088c0bbb41c70ce2f52') in 0,016314 seconds 
========================================================================
Received Import Request.
  Time since last request: 0,000311 seconds.
  path: Assets/Prefabs/proceso3.png
  artifactKey: Guid(8eaaf60e7f9b5e2f8aa3055fdadd9c98) Importer(815301076,1909f56bfc062723c751e8b465ee728b)
Start importing Assets/Prefabs/proceso3.png using Guid(8eaaf60e7f9b5e2f8aa3055fdadd9c98) Importer(815301076,1909f56bfc062723c751e8b465ee728b)  -> (artifact id: 'd1d68cab76432bba4e0d0a5431057415') in 0,007645 seconds 
========================================================================
Received Import Request.
  Time since last request: 0,000250 seconds.
  path: Assets/Prefabs/si3.png
  artifactKey: Guid(7822e62d4ce9e84f496e040c98b64124) Importer(815301076,1909f56bfc062723c751e8b465ee728b)
Start importing Assets/Prefabs/si3.png using Guid(7822e62d4ce9e84f496e040c98b64124) Importer(815301076,1909f56bfc062723c751e8b465ee728b)  -> (artifact id: '42bdc2a0335545a81dcf3194b6cd1b7c') in 0,010921 seconds 
========================================================================
Received Import Request.
  Time since last request: 0,000360 seconds.
  path: Assets/Prefabs/si2.png
  artifactKey: Guid(058616c0e60154e0d947e57c693fa45d) Importer(815301076,1909f56bfc062723c751e8b465ee728b)
Start importing Assets/Prefabs/si2.png using Guid(058616c0e60154e0d947e57c693fa45d) Importer(815301076,1909f56bfc062723c751e8b465ee728b)  -> (artifact id: '8fb689b256bdd8690bada2d99c9bb3a3') in 0,006181 seconds 
========================================================================
Received Import Request.
  Time since last request: 0,000217 seconds.
  path: Assets/Prefabs/si1.png
  artifactKey: Guid(69e1c641de7399bcc87de6fb9715d887) Importer(815301076,1909f56bfc062723c751e8b465ee728b)
Start importing Assets/Prefabs/si1.png using Guid(69e1c641de7399bcc87de6fb9715d887) Importer(815301076,1909f56bfc062723c751e8b465ee728b)  -> (artifact id: 'd8d57b0d2699b1175799893ecd10471f') in 0,008850 seconds 
========================================================================
Received Import Request.
  Time since last request: 0,000286 seconds.
  path: Assets/Prefabs/flecha3.png
  artifactKey: Guid(524a59f907dfd1f22bde2b29eb31e102) Importer(815301076,1909f56bfc062723c751e8b465ee728b)
Start importing Assets/Prefabs/flecha3.png using Guid(524a59f907dfd1f22bde2b29eb31e102) Importer(815301076,1909f56bfc062723c751e8b465ee728b)  -> (artifact id: 'f98ba6ae11ed6b1bb646e538daa8b032') in 0,010182 seconds 
========================================================================
Received Import Request.
  Time since last request: 0,000217 seconds.
  path: Assets/Prefabs/flecha6.png
  artifactKey: Guid(661badc44b52424489e9163908b972bb) Importer(815301076,1909f56bfc062723c751e8b465ee728b)
Start importing Assets/Prefabs/flecha6.png using Guid(661badc44b52424489e9163908b972bb) Importer(815301076,1909f56bfc062723c751e8b465ee728b)  -> (artifact id: '7c9bb68be455c9da4aea4b9a847b1ac9') in 0,011418 seconds 
========================================================================
Received Import Request.
  Time since last request: 0,000204 seconds.
  path: Assets/Prefabs/proceso2.png
  artifactKey: Guid(5ae0478058fb4673caf4dcd637486c84) Importer(815301076,1909f56bfc062723c751e8b465ee728b)
Start importing Assets/Prefabs/proceso2.png using Guid(5ae0478058fb4673caf4dcd637486c84) Importer(815301076,1909f56bfc062723c751e8b465ee728b)  -> (artifact id: 'fb9681593d6e53c299176c61794c9f80') in 0,045319 seconds 
========================================================================
Received Import Request.
  Time since last request: 0,000319 seconds.
  path: Assets/Prefabs/proceso1.png
  artifactKey: Guid(937accc01b7129fa0850fd2aec898e16) Importer(815301076,1909f56bfc062723c751e8b465ee728b)
Start importing Assets/Prefabs/proceso1.png using Guid(937accc01b7129fa0850fd2aec898e16) Importer(815301076,1909f56bfc062723c751e8b465ee728b)  -> (artifact id: 'd34b5a35c28c78c130373bb631ff319d') in 0,007452 seconds 
========================================================================
Received Import Request.
  Time since last request: 43,475447 seconds.
  path: Assets/Prefabs/cabeza.png
  artifactKey: Guid(118009a816246cd96bb27d8b12143a48) Importer(815301076,1909f56bfc062723c751e8b465ee728b)
Start importing Assets/Prefabs/cabeza.png using Guid(118009a816246cd96bb27d8b12143a48) Importer(815301076,1909f56bfc062723c751e8b465ee728b)  -> (artifact id: 'e2c42dca631f9e4022ad89cc89801d27') in 0,010220 seconds 
========================================================================
Received Import Request.
  Time since last request: 0,000277 seconds.
  path: Assets/Prefabs/flecha2.png
  artifactKey: Guid(91da60545dadee6c6a73ba4e8a2bb8fe) Importer(815301076,1909f56bfc062723c751e8b465ee728b)
Start importing Assets/Prefabs/flecha2.png using Guid(91da60545dadee6c6a73ba4e8a2bb8fe) Importer(815301076,1909f56bfc062723c751e8b465ee728b) ./Editor/Platform/Linux/TempStubs.cpp:PlatformImageForIconForExtension
./Editor/Platform/Linux/TempStubs.cpp:PlatformImageForIconForExtension
./Editor/Platform/Linux/TempStubs.cpp:PlatformImageForIconForExtension
./Editor/Platform/Linux/TempStubs.cpp:PlatformImageForIconForExtension
./Editor/Platform/Linux/TempStubs.cpp:PlatformImageForIconForExtension
./Editor/Platform/Linux/TempStubs.cpp:PlatformImageForIconForExtension
./Editor/Platform/Linux/TempStubs.cpp:PlatformImageForIconForExtension
./Editor/Platform/Linux/TempStubs.cpp:PlatformImageForIconForExtension
./Editor/Platform/Linux/TempStubs.cpp:PlatformImageForIconForExtension
./Editor/Platform/Linux/TempStubs.cpp:PlatformImageForIconForExtension
./Editor/Platform/Linux/TempStubs.cpp:PlatformImageForIconForExtension
./Editor/Platform/Linux/TempStubs.cpp:PlatformImageForIconForExtension
./Editor/Platform/Linux/TempStubs.cpp:PlatformImageForIconForExtension
./Editor/Platform/Linux/TempStubs.cpp:PlatformImageForIconForExtension
./Editor/Platform/Linux/TempStubs.cpp:PlatformImageForIconForExtension
./Editor/Platform/Linux/TempStubs.cpp:PlatformImageForIconForExtension
./Editor/Platform/Linux/TempStubs.cpp:PlatformImageForIconForExtension
./Editor/Platform/Linux/TempStubs.cpp:PlatformImageForIconForExtension
./Editor/Platform/Linux/TempStubs.cpp:PlatformImageForIconForExtension
./Editor/Platform/Linux/TempStubs.cpp:PlatformImageForIconForExtension
./Editor/Platform/Linux/TempStubs.cpp:PlatformImageForIconForExtension
./Editor/Platform/Linux/TempStubs.cpp:PlatformImageForIconForExtension
./Editor/Platform/Linux/TempStubs.cpp:PlatformImageForIconForExtension
./Editor/Platform/Linux/TempStubs.cpp:PlatformImageForIconForExtension
./Editor/Platform/Linux/TempStubs.cpp:PlatformImageForIconForExtension
./Editor/Platform/Linux/TempStubs.cpp:PlatformImageForIconForExtension
./Editor/Platform/Linux/TempStubs.cpp:PlatformImageForIconForExtension
./Editor/Platform/Linux/TempStubs.cpp:PlatformImageForIconForExtension
./Editor/Platform/Linux/TempStubs.cpp:PlatformImageForIconForExtension
./Editor/Platform/Linux/TempStubs.cpp:PlatformImageForIconForExtension
./Editor/Platform/Linux/TempStubs.cpp:PlatformImageForIconForExtension
./Editor/Platform/Linux/TempStubs.cpp:PlatformImageForIconForExtension
./Editor/Platform/Linux/TempStubs.cpp:PlatformImageForIconForExtension
./Editor/Platform/Linux/TempStubs.cpp:PlatformImageForIconForExtension
./Editor/Platform/Linux/TempStubs.cpp:PlatformImageForIconForExtension
./Editor/Platform/Linux/TempStubs.cpp:PlatformImageForIconForExtension
./Editor/Platform/Linux/TempStubs.cpp:PlatformImageForIconForExtension
./Editor/Platform/Linux/TempStubs.cpp:PlatformImageForIconForExtension
./Editor/Platform/Linux/TempStubs.cpp:PlatformImageForIconForExtension
./Editor/Platform/Linux/TempStubs.cpp:PlatformImageForIconForExtension
./Editor/Platform/Linux/TempStubs.cpp:PlatformImageForIconForExtension
./Editor/Platform/Linux/TempStubs.cpp:PlatformImageForIconForExtension
./Editor/Platform/Linux/TempStubs.cpp:PlatformImageForIconForExtension
./Editor/Platform/Linux/TempStubs.cpp:PlatformImageForIconForExtension
./Editor/Platform/Linux/TempStubs.cpp:PlatformImageForIconForExtension
./Editor/Platform/Linux/TempStubs.cpp:PlatformImageForIconForExtension
./Editor/Platform/Linux/TempStubs.cpp:PlatformImageForIconForExtension
./Editor/Platform/Linux/TempStubs.cpp:PlatformImageForIconForExtension
./Editor/Platform/Linux/TempStubs.cpp:PlatformImageForIconForExtension
./Editor/Platform/Linux/TempStubs.cpp:PlatformImageForIconForExtension
./Editor/Platform/Linux/TempStubs.cpp:PlatformImageForIconForExtension
./Editor/Platform/Linux/TempStubs.cpp:PlatformImageForIconForExtension
./Editor/Platform/Linux/TempStubs.cpp:PlatformImageForIconForExtension
./Editor/Platform/Linux/TempStubs.cpp:PlatformImageForIconForExtension
./Editor/Platform/Linux/TempStubs.cpp:PlatformImageForIconForExtension
./Editor/Platform/Linux/TempStubs.cpp:PlatformImageForIconForExtension
./Editor/Platform/Linux/TempStubs.cpp:PlatformImageForIconForExtension
./Editor/Platform/Linux/TempStubs.cpp:PlatformIma -> (artifact id: 'f5612a4038b69b7149ede4870df2b6db') in 0,090671 seconds 
========================================================================
Received Import Request.
  Time since last request: 0,000204 seconds.
  path: Assets/Prefabs/flecha4.png
  artifactKey: Guid(41f28921a46aea2d09e1477d36467270) Importer(815301076,1909f56bfc062723c751e8b465ee728b)
Start importing Assets/Prefabs/flecha4.png using Guid(41f28921a46aea2d09e1477d36467270) Importer(815301076,1909f56bfc062723c751e8b465ee728b)  -> (artifact id: '7396f58d7fdf802feeba5283af5450b9') in 0,007948 seconds 
========================================================================
Received Import Request.
  Time since last request: 0,000241 seconds.
  path: Assets/Prefabs/flecha5.png
  artifactKey: Guid(c1b0414d22b7f2379896ad40d8112e83) Importer(815301076,1909f56bfc062723c751e8b465ee728b)
Start importing Assets/Prefabs/flecha5.png using Guid(c1b0414d22b7f2379896ad40d8112e83) Importer(815301076,1909f56bfc062723c751e8b465ee728b)  -> (artifact id: '76e952e34f5baa706d4183298b520b2e') in 0,017889 seconds 
========================================================================
Received Import Request.
  Time since last request: 0,000249 seconds.
  path: Assets/Prefabs/fin.png
  artifactKey: Guid(421097e80cf83012d889a8024ff7ebeb) Importer(815301076,1909f56bfc062723c751e8b465ee728b)
Start importing Assets/Prefabs/fin.png using Guid(421097e80cf83012d889a8024ff7ebeb) Importer(815301076,1909f56bfc062723c751e8b465ee728b)  -> (artifact id: 'ded5c8454ecbb65325ee50514e9c8544') in 0,018128 seconds 
========================================================================
Received Import Request.
  Time since last request: 0,000251 seconds.
  path: Assets/Prefabs/flecha8.png
  artifactKey: Guid(a6826a70d54afde54876c7ee86d3f1a3) Importer(815301076,1909f56bfc062723c751e8b465ee728b)
Start importing Assets/Prefabs/flecha8.png using Guid(a6826a70d54afde54876c7ee86d3f1a3) Importer(815301076,1909f56bfc062723c751e8b465ee728b)  -> (artifact id: '0b7621bfff406a070441051ade3b9959') in 0,019550 seconds 
========================================================================
Received Import Request.
  Time since last request: 0,000290 seconds.
  path: Assets/Prefabs/flecha1.png
  artifactKey: Guid(6293888f874d8c5ccb272f1b9aafefcf) Importer(815301076,1909f56bfc062723c751e8b465ee728b)
Start importing Assets/Prefabs/flecha1.png using Guid(6293888f874d8c5ccb272f1b9aafefcf) Importer(815301076,1909f56bfc062723c751e8b465ee728b)  -> (artifact id: '2058c6e63d5029f4dac6659b7d088c3f') in 0,015662 seconds 
========================================================================
Received Import Request.
  Time since last request: 0,000329 seconds.
  path: Assets/Prefabs/flecha7.png
  artifactKey: Guid(30c5fe22f64d38749931d88d3d861ff5) Importer(815301076,1909f56bfc062723c751e8b465ee728b)
Start importing Assets/Prefabs/flecha7.png using Guid(30c5fe22f64d38749931d88d3d861ff5) Importer(815301076,1909f56bfc062723c751e8b465ee728b)  -> (artifact id: 'd55f6b4509c122020ed389a133a56b91') in 0,015691 seconds 
========================================================================
Received Import Request.
  Time since last request: 0,000247 seconds.
  path: Assets/Prefabs/proceso3.png
  artifactKey: Guid(8eaaf60e7f9b5e2f8aa3055fdadd9c98) Importer(815301076,1909f56bfc062723c751e8b465ee728b)
Start importing Assets/Prefabs/proceso3.png using Guid(8eaaf60e7f9b5e2f8aa3055fdadd9c98) Importer(815301076,1909f56bfc062723c751e8b465ee728b)  -> (artifact id: 'd2483dda8ea46a0ccd043371a399973a') in 0,010120 seconds 
========================================================================
Received Import Request.
  Time since last request: 0,000687 seconds.
  path: Assets/Prefabs/si3.png
  artifactKey: Guid(7822e62d4ce9e84f496e040c98b64124) Importer(815301076,1909f56bfc062723c751e8b465ee728b)
Start importing Assets/Prefabs/si3.png using Guid(7822e62d4ce9e84f496e040c98b64124) Importer(815301076,1909f56bfc062723c751e8b465ee728b)  -> (artifact id: '837cca81dd6b7ca194375078e6293803') in 0,010056 seconds 
========================================================================
Received Import Request.
  Time since last request: 0,000327 seconds.
  path: Assets/Prefabs/si2.png
  artifactKey: Guid(058616c0e60154e0d947e57c693fa45d) Importer(815301076,1909f56bfc062723c751e8b465ee728b)
Start importing Assets/Prefabs/si2.png using Guid(058616c0e60154e0d947e57c693fa45d) Importer(815301076,1909f56bfc062723c751e8b465ee728b)  -> (artifact id: 'd5f3e4bd9a954fb61edeedb169af5995') in 0,011445 seconds 
========================================================================
Received Import Request.
  Time since last request: 0,000660 seconds.
  path: Assets/Prefabs/si1.png
  artifactKey: Guid(69e1c641de7399bcc87de6fb9715d887) Importer(815301076,1909f56bfc062723c751e8b465ee728b)
Start importing Assets/Prefabs/si1.png using Guid(69e1c641de7399bcc87de6fb9715d887) Importer(815301076,1909f56bfc062723c751e8b465ee728b)  -> (artifact id: '71e2cb2d84875e806ba06822cf2a074c') in 0,014822 seconds 
========================================================================
Received Import Request.
  Time since last request: 0,000269 seconds.
  path: Assets/Prefabs/flecha3.png
  artifactKey: Guid(524a59f907dfd1f22bde2b29eb31e102) Importer(815301076,1909f56bfc062723c751e8b465ee728b)
Start importing Assets/Prefabs/flecha3.png using Guid(524a59f907dfd1f22bde2b29eb31e102) Importer(815301076,1909f56bfc062723c751e8b465ee728b)  -> (artifact id: 'f8b0fcd312b25e855c0dda30e0135068') in 0,016170 seconds 
========================================================================
Received Import Request.
  Time since last request: 0,000349 seconds.
  path: Assets/Prefabs/flecha6.png
  artifactKey: Guid(661badc44b52424489e9163908b972bb) Importer(815301076,1909f56bfc062723c751e8b465ee728b)
Start importing Assets/Prefabs/flecha6.png using Guid(661badc44b52424489e9163908b972bb) Importer(815301076,1909f56bfc062723c751e8b465ee728b)  -> (artifact id: '50516639b0ccc3cd29793ac39945ce47') in 0,015484 seconds 
========================================================================
Received Import Request.
  Time since last request: 0,000276 seconds.
  path: Assets/Prefabs/proceso2.png
  artifactKey: Guid(5ae0478058fb4673caf4dcd637486c84) Importer(815301076,1909f56bfc062723c751e8b465ee728b)
Start importing Assets/Prefabs/proceso2.png using Guid(5ae0478058fb4673caf4dcd637486c84) Importer(815301076,1909f56bfc062723c751e8b465ee728b)  -> (artifact id: 'bda4a0a4dfe1d8acb582137467480b98') in 0,017492 seconds 
========================================================================
Received Import Request.
  Time since last request: 0,000266 seconds.
  path: Assets/Prefabs/proceso1.png
  artifactKey: Guid(937accc01b7129fa0850fd2aec898e16) Importer(815301076,1909f56bfc062723c751e8b465ee728b)
Start importing Assets/Prefabs/proceso1.png using Guid(937accc01b7129fa0850fd2aec898e16) Importer(815301076,1909f56bfc062723c751e8b465ee728b)  -> (artifact id: '60ecad424741e46b7c3f1fa043b528f7') in 0,015621 seconds 
========================================================================
Received Import Request.
  Time since last request: 184,691494 seconds.
  path: Assets/Prefabs/completaImagen.png
  artifactKey: Guid(0bc456681ca16dcdf9357b8b9c396e74) Importer(815301076,1909f56bfc062723c751e8b465ee728b)
Start importing Assets/Prefabs/completaImagen.png using Guid(0bc456681ca16dcdf9357b8b9c396e74) Importer(815301076,1909f56bfc062723c751e8b465ee728b)  -> (artifact id: '40a5867c36ebe474a936ff7b216dc337') in 0,018584 seconds 
========================================================================
Received Import Request.
  Time since last request: 120,941810 seconds.
  path: Assets/Prefabs/Untitled Diagram-F.drawio(1).png
  artifactKey: Guid(17aaac7a833d377e08c3434094e783f3) Importer(815301076,1909f56bfc062723c751e8b465ee728b)
Start importing Assets/Prefabs/Untitled Diagram-F.drawio(1).png using Guid(17aaac7a833d377e08c3434094e783f3) Importer(815301076,1909f56bfc062723c751e8b465ee728b)  -> (artifact id: '9a5169d55e57a9c9bf8f0ae69862c577') in 0,008559 seconds 
========================================================================
Received Import Request.
  Time since last request: 18,775110 seconds.
  path: Assets/Prefabs/DiagramaCompleto.png
  artifactKey: Guid(17aaac7a833d377e08c3434094e783f3) Importer(815301076,1909f56bfc062723c751e8b465ee728b)
Start importing Assets/Prefabs/DiagramaCompleto.png using Guid(17aaac7a833d377e08c3434094e783f3) Importer(815301076,1909f56bfc062723c751e8b465ee728b)  -> (artifact id: '9c6016a07066e3b31583f301e38fda74') in 0,005665 seconds 
